#
# There is insufficient memory for the Java Runtime Environment to continue.
# Native memory allocation (malloc) failed to allocate 223568 bytes for Chunk::new
# Possible reasons:
#   The system is out of physical RAM or swap space
#   In 32 bit mode, the process size limit was hit
# Possible solutions:
#   Reduce memory load on the system
#   Increase physical memory or swap space
#   Check if swap backing store is full
#   Use 64 bit Java on a 64 bit OS
#   Decrease Java heap size (-Xmx/-Xms)
#   Decrease number of Java threads
#   Decrease Java thread stack sizes (-Xss)
#   Set larger code cache with -XX:ReservedCodeCacheSize=
# This output file may be truncated or incomplete.
#
#  Out of Memory Error (allocation.cpp:390), pid=12952, tid=0x0000000000001a04
#
# JRE version: OpenJDK Runtime Environment (8.0_112-b06) (build 1.8.0_112-release-b06)
# Java VM: OpenJDK 64-Bit Server VM (25.112-b06 mixed mode windows-amd64 compressed oops)
# Failed to write core dump. Minidumps are not enabled by default on client versions of Windows
#

---------------  T H R E A D  ---------------

Current thread (0x00000000169ef800):  JavaThread "C2 CompilerThread1" daemon [_thread_in_native, id=6660, stack(0x0000000018140000,0x0000000018240000)]

Stack: [0x0000000018140000,0x0000000018240000]
[error occurred during error reporting (printing stack bounds), id 0xc0000005]

Native frames: (J=compiled Java code, j=interpreted, Vv=VM code, C=native code)


Current CompileTask:
C2:  28803 3918   !   4       java.lang.reflect.Executable::sharedToString (102 bytes)


---------------  P R O C E S S  ---------------

Java Threads: ( => current thread )
  0x00000000196e1800 JavaThread "File lock request listener" [_thread_in_native, id=6848, stack(0x000000001c620000,0x000000001c720000)]
  0x00000000195f2800 JavaThread "Stdin handler" [_thread_blocked, id=14780, stack(0x000000001b350000,0x000000001b450000)]
  0x0000000019616000 JavaThread "Asynchronous log dispatcher for DefaultDaemonConnection: socket connection from /127.0.0.1:56420 to /127.0.0.1:56421" [_thread_blocked, id=13360, stack(0x000000001b250000,0x000000001b350000)]
  0x0000000019614800 JavaThread "Daemon worker" [_thread_in_Java, id=9868, stack(0x000000001b150000,0x000000001b250000)]
  0x0000000019612800 JavaThread "Cancel handler" [_thread_blocked, id=14000, stack(0x000000001b050000,0x000000001b150000)]
  0x0000000019621000 JavaThread "pool-1-thread-1" [_thread_blocked, id=12124, stack(0x000000001af50000,0x000000001b050000)]
  0x00000000195c6800 JavaThread "Handler for socket connection from /127.0.0.1:56420 to /127.0.0.1:56421" [_thread_in_native, id=1296, stack(0x000000001ae50000,0x000000001af50000)]
  0x00000000195c5800 JavaThread "Daemon" [_thread_blocked, id=13820, stack(0x000000001ad50000,0x000000001ae50000)]
  0x000000001926f800 JavaThread "Incoming local TCP Connector on port 56420" [_thread_in_native, id=14592, stack(0x000000001a650000,0x000000001a750000)]
  0x0000000018360800 JavaThread "Service Thread" daemon [_thread_blocked, id=12376, stack(0x0000000018740000,0x0000000018840000)]
  0x0000000016a01800 JavaThread "C1 CompilerThread2" daemon [_thread_blocked, id=1016, stack(0x0000000018240000,0x0000000018340000)]
=>0x00000000169ef800 JavaThread "C2 CompilerThread1" daemon [_thread_in_native, id=6660, stack(0x0000000018140000,0x0000000018240000)]
  0x00000000169f7800 JavaThread "C2 CompilerThread0" daemon [_thread_in_native, id=10856, stack(0x0000000018040000,0x0000000018140000)]
  0x00000000169f5800 JavaThread "Attach Listener" daemon [_thread_blocked, id=5916, stack(0x0000000017f40000,0x0000000018040000)]
  0x00000000169f4800 JavaThread "Signal Dispatcher" daemon [_thread_blocked, id=10416, stack(0x0000000017e40000,0x0000000017f40000)]
  0x000000000307b000 JavaThread "Finalizer" daemon [_thread_blocked, id=7496, stack(0x0000000017c50000,0x0000000017d50000)]
  0x0000000003070800 JavaThread "Reference Handler" daemon [_thread_blocked, id=7156, stack(0x0000000017b50000,0x0000000017c50000)]
  0x0000000002f81000 JavaThread "main" [_thread_blocked, id=332, stack(0x0000000002e80000,0x0000000002f80000)]

Other Threads:
  0x00000000169b4800 VMThread [stack: 0x0000000017a50000,0x0000000017b50000] [id=15196]
  0x0000000016a4e800 WatcherThread [stack: 0x0000000018840000,0x0000000018940000] [id=10004]

VM state:not at safepoint (normal execution)

VM Mutex/Monitor currently owned by a thread: None

Heap:
 PSYoungGen      total 90112K, used 34179K [0x00000000e0000000, 0x00000000e6500000, 0x0000000100000000)
  eden space 79872K, 42% used [0x00000000e0000000,0x00000000e2160ec0,0x00000000e4e00000)
  from space 10240K, 0% used [0x00000000e5a80000,0x00000000e5a80000,0x00000000e6480000)
  to   space 11776K, 0% used [0x00000000e4e00000,0x00000000e4e00000,0x00000000e5980000)
 ParOldGen       total 99840K, used 17413K [0x00000000a0000000, 0x00000000a6180000, 0x00000000e0000000)
  object space 99840K, 17% used [0x00000000a0000000,0x00000000a11014a8,0x00000000a6180000)
 Metaspace       used 37407K, capacity 38118K, committed 38272K, reserved 1083392K
  class space    used 4956K, capacity 5172K, committed 5248K, reserved 1048576K

Card table byte_map: [0x0000000012440000,0x0000000012750000] byte_map_base: 0x0000000011f40000

Marking Bits: (ParMarkBitMap*) 0x000000006abb18f0
 Begin Bits: [0x0000000012d50000, 0x0000000014550000)
 End Bits:   [0x0000000014550000, 0x0000000015d50000)

Polling page: 0x0000000000df0000

CodeCache: size=245760Kb used=13979Kb max_used=13979Kb free=231780Kb
 bounds [0x0000000003080000, 0x0000000003e40000, 0x0000000012080000]
 total_blobs=4477 nmethods=3769 adapters=620
 compilation: enabled

Compilation events (10 events):
Event: 28.778 Thread 0x0000000016a01800 nmethod 3980 0x0000000003e2d150 code [0x0000000003e2d2c0, 0x0000000003e2d4e8]
Event: 28.778 Thread 0x0000000016a01800 3981       3       com.google.common.collect.ImmutableSortedSet::construct (94 bytes)
Event: 28.780 Thread 0x0000000016a01800 nmethod 3981 0x0000000003e2e690 code [0x0000000003e2e960, 0x0000000003e2fe48]
Event: 28.792 Thread 0x0000000016a01800 3982       3       java.util.EnumMap::typeCheck (59 bytes)
Event: 28.793 Thread 0x0000000016a01800 nmethod 3982 0x0000000003e2b910 code [0x0000000003e2bb60, 0x0000000003e2ca78]
Event: 28.793 Thread 0x0000000016a01800 3984       3       com.google.common.collect.Iterators$7::computeNext (45 bytes)
Event: 28.793 Thread 0x0000000016a01800 nmethod 3984 0x0000000003e30d10 code [0x0000000003e30ec0, 0x0000000003e31468]
Event: 28.793 Thread 0x0000000016a01800 3983       3       java.util.EnumMap::maskNull (12 bytes)
Event: 28.793 Thread 0x0000000016a01800 nmethod 3983 0x0000000003e31610 code [0x0000000003e31760, 0x0000000003e31910]
Event: 28.794 Thread 0x0000000016a01800 3985       3       sun.reflect.generics.scope.MethodScope::computeEnclosingScope (8 bytes)

GC Heap History (10 events):
Event: 16.140 GC heap before
{Heap before GC invocations=6 (full 1):
 PSYoungGen      total 38400K, used 33280K [0x00000000e0000000, 0x00000000e2a80000, 0x0000000100000000)
  eden space 33280K, 100% used [0x00000000e0000000,0x00000000e2080000,0x00000000e2080000)
  from space 5120K, 0% used [0x00000000e2580000,0x00000000e2580000,0x00000000e2a80000)
  to   space 5120K, 0% used [0x00000000e2080000,0x00000000e2080000,0x00000000e2580000)
 ParOldGen       total 64000K, used 9122K [0x00000000a0000000, 0x00000000a3e80000, 0x00000000e0000000)
  object space 64000K, 14% used [0x00000000a0000000,0x00000000a08e8a98,0x00000000a3e80000)
 Metaspace       used 23657K, capacity 24080K, committed 24448K, reserved 1071104K
  class space    used 3180K, capacity 3337K, committed 3456K, reserved 1048576K
Event: 16.149 GC heap after
Heap after GC invocations=6 (full 1):
 PSYoungGen      total 38400K, used 3565K [0x00000000e0000000, 0x00000000e4800000, 0x0000000100000000)
  eden space 33280K, 0% used [0x00000000e0000000,0x00000000e0000000,0x00000000e2080000)
  from space 5120K, 69% used [0x00000000e2080000,0x00000000e23fb638,0x00000000e2580000)
  to   space 11264K, 0% used [0x00000000e3d00000,0x00000000e3d00000,0x00000000e4800000)
 ParOldGen       total 64000K, used 9122K [0x00000000a0000000, 0x00000000a3e80000, 0x00000000e0000000)
  object space 64000K, 14% used [0x00000000a0000000,0x00000000a08e8a98,0x00000000a3e80000)
 Metaspace       used 23657K, capacity 24080K, committed 24448K, reserved 1071104K
  class space    used 3180K, capacity 3337K, committed 3456K, reserved 1048576K
}
Event: 17.159 GC heap before
{Heap before GC invocations=7 (full 1):
 PSYoungGen      total 38400K, used 36845K [0x00000000e0000000, 0x00000000e4800000, 0x0000000100000000)
  eden space 33280K, 100% used [0x00000000e0000000,0x00000000e2080000,0x00000000e2080000)
  from space 5120K, 69% used [0x00000000e2080000,0x00000000e23fb638,0x00000000e2580000)
  to   space 11264K, 0% used [0x00000000e3d00000,0x00000000e3d00000,0x00000000e4800000)
 ParOldGen       total 64000K, used 9122K [0x00000000a0000000, 0x00000000a3e80000, 0x00000000e0000000)
  object space 64000K, 14% used [0x00000000a0000000,0x00000000a08e8a98,0x00000000a3e80000)
 Metaspace       used 26420K, capacity 26916K, committed 27136K, reserved 1073152K
  class space    used 3652K, capacity 3782K, committed 3840K, reserved 1048576K
Event: 17.169 GC heap after
Heap after GC invocations=7 (full 1):
 PSYoungGen      total 62464K, used 6243K [0x00000000e0000000, 0x00000000e4700000, 0x0000000100000000)
  eden space 52224K, 0% used [0x00000000e0000000,0x00000000e0000000,0x00000000e3300000)
  from space 10240K, 60% used [0x00000000e3d00000,0x00000000e4318fb8,0x00000000e4700000)
  to   space 10240K, 0% used [0x00000000e3300000,0x00000000e3300000,0x00000000e3d00000)
 ParOldGen       total 64000K, used 9130K [0x00000000a0000000, 0x00000000a3e80000, 0x00000000e0000000)
  object space 64000K, 14% used [0x00000000a0000000,0x00000000a08eaa98,0x00000000a3e80000)
 Metaspace       used 26420K, capacity 26916K, committed 27136K, reserved 1073152K
  class space    used 3652K, capacity 3782K, committed 3840K, reserved 1048576K
}
Event: 18.824 GC heap before
{Heap before GC invocations=8 (full 1):
 PSYoungGen      total 62464K, used 58467K [0x00000000e0000000, 0x00000000e4700000, 0x0000000100000000)
  eden space 52224K, 100% used [0x00000000e0000000,0x00000000e3300000,0x00000000e3300000)
  from space 10240K, 60% used [0x00000000e3d00000,0x00000000e4318fb8,0x00000000e4700000)
  to   space 10240K, 0% used [0x00000000e3300000,0x00000000e3300000,0x00000000e3d00000)
 ParOldGen       total 64000K, used 9130K [0x00000000a0000000, 0x00000000a3e80000, 0x00000000e0000000)
  object space 64000K, 14% used [0x00000000a0000000,0x00000000a08eaa98,0x00000000a3e80000)
 Metaspace       used 29665K, capacity 30288K, committed 30464K, reserved 1075200K
  class space    used 4061K, capacity 4242K, committed 4352K, reserved 1048576K
Event: 18.839 GC heap after
Heap after GC invocations=8 (full 1):
 PSYoungGen      total 62464K, used 7186K [0x00000000e0000000, 0x00000000e6480000, 0x0000000100000000)
  eden space 52224K, 0% used [0x00000000e0000000,0x00000000e0000000,0x00000000e3300000)
  from space 10240K, 70% used [0x00000000e3300000,0x00000000e3a04998,0x00000000e3d00000)
  to   space 10240K, 0% used [0x00000000e5a80000,0x00000000e5a80000,0x00000000e6480000)
 ParOldGen       total 64000K, used 9138K [0x00000000a0000000, 0x00000000a3e80000, 0x00000000e0000000)
  object space 64000K, 14% used [0x00000000a0000000,0x00000000a08eca98,0x00000000a3e80000)
 Metaspace       used 29665K, capacity 30288K, committed 30464K, reserved 1075200K
  class space    used 4061K, capacity 4242K, committed 4352K, reserved 1048576K
}
Event: 27.706 GC heap before
{Heap before GC invocations=9 (full 1):
 PSYoungGen      total 62464K, used 57234K [0x00000000e0000000, 0x00000000e6480000, 0x0000000100000000)
  eden space 52224K, 95% used [0x00000000e0000000,0x00000000e30dffe0,0x00000000e3300000)
  from space 10240K, 70% used [0x00000000e3300000,0x00000000e3a04998,0x00000000e3d00000)
  to   space 10240K, 0% used [0x00000000e5a80000,0x00000000e5a80000,0x00000000e6480000)
 ParOldGen       total 64000K, used 9138K [0x00000000a0000000, 0x00000000a3e80000, 0x00000000e0000000)
  object space 64000K, 14% used [0x00000000a0000000,0x00000000a08eca98,0x00000000a3e80000)
 Metaspace       used 34670K, capacity 35470K, committed 35496K, reserved 1079296K
  class space    used 4622K, capacity 4840K, committed 4864K, reserved 1048576K
Event: 27.725 GC heap after
Heap after GC invocations=9 (full 1):
 PSYoungGen      total 90112K, used 10222K [0x00000000e0000000, 0x00000000e6500000, 0x0000000100000000)
  eden space 79872K, 0% used [0x00000000e0000000,0x00000000e0000000,0x00000000e4e00000)
  from space 10240K, 99% used [0x00000000e5a80000,0x00000000e647bae8,0x00000000e6480000)
  to   space 11776K, 0% used [0x00000000e4e00000,0x00000000e4e00000,0x00000000e5980000)
 ParOldGen       total 64000K, used 10176K [0x00000000a0000000, 0x00000000a3e80000, 0x00000000e0000000)
  object space 64000K, 15% used [0x00000000a0000000,0x00000000a09f01c8,0x00000000a3e80000)
 Metaspace       used 34670K, capacity 35470K, committed 35496K, reserved 1079296K
  class space    used 4622K, capacity 4840K, committed 4864K, reserved 1048576K
}
Event: 27.726 GC heap before
{Heap before GC invocations=10 (full 2):
 PSYoungGen      total 90112K, used 10222K [0x00000000e0000000, 0x00000000e6500000, 0x0000000100000000)
  eden space 79872K, 0% used [0x00000000e0000000,0x00000000e0000000,0x00000000e4e00000)
  from space 10240K, 99% used [0x00000000e5a80000,0x00000000e647bae8,0x00000000e6480000)
  to   space 11776K, 0% used [0x00000000e4e00000,0x00000000e4e00000,0x00000000e5980000)
 ParOldGen       total 64000K, used 10176K [0x00000000a0000000, 0x00000000a3e80000, 0x00000000e0000000)
  object space 64000K, 15% used [0x00000000a0000000,0x00000000a09f01c8,0x00000000a3e80000)
 Metaspace       used 34670K, capacity 35470K, committed 35496K, reserved 1079296K
  class space    used 4622K, capacity 4840K, committed 4864K, reserved 1048576K
Event: 27.866 GC heap after
Heap after GC invocations=10 (full 2):
 PSYoungGen      total 90112K, used 0K [0x00000000e0000000, 0x00000000e6500000, 0x0000000100000000)
  eden space 79872K, 0% used [0x00000000e0000000,0x00000000e0000000,0x00000000e4e00000)
  from space 10240K, 0% used [0x00000000e5a80000,0x00000000e5a80000,0x00000000e6480000)
  to   space 11776K, 0% used [0x00000000e4e00000,0x00000000e4e00000,0x00000000e5980000)
 ParOldGen       total 99840K, used 17413K [0x00000000a0000000, 0x00000000a6180000, 0x00000000e0000000)
  object space 99840K, 17% used [0x00000000a0000000,0x00000000a11014a8,0x00000000a6180000)
 Metaspace       used 34639K, capacity 35350K, committed 35496K, reserved 1079296K
  class space    used 4613K, capacity 4800K, committed 4864K, reserved 1048576K
}

Deoptimization events (10 events):
Event: 26.401 Thread 0x0000000019614800 Uncommon trap: reason=class_check action=maybe_recompile pc=0x000000000382f33c method=java.util.Hashtable.get(Ljava/lang/Object;)Ljava/lang/Object; @ 6
Event: 26.401 Thread 0x0000000019614800 Uncommon trap: reason=class_check action=maybe_recompile pc=0x000000000382f33c method=java.util.Hashtable.get(Ljava/lang/Object;)Ljava/lang/Object; @ 6
Event: 26.402 Thread 0x0000000019614800 Uncommon trap: reason=class_check action=maybe_recompile pc=0x000000000382f33c method=java.util.Hashtable.get(Ljava/lang/Object;)Ljava/lang/Object; @ 6
Event: 26.405 Thread 0x0000000019614800 Uncommon trap: reason=class_check action=maybe_recompile pc=0x000000000382f33c method=java.util.Hashtable.get(Ljava/lang/Object;)Ljava/lang/Object; @ 6
Event: 27.486 Thread 0x0000000019614800 Uncommon trap: reason=unloaded action=reinterpret pc=0x0000000003d2a360 method=java.util.regex.Pattern.newSingle(I)Ljava/util/regex/Pattern$CharProperty; @ 63
Event: 27.506 Thread 0x0000000019614800 Uncommon trap: reason=unstable_if action=reinterpret pc=0x0000000003931f10 method=java.lang.Integer.valueOf(I)Ljava/lang/Integer; @ 3
Event: 28.209 Thread 0x0000000019614800 Uncommon trap: reason=bimorphic action=maybe_recompile pc=0x00000000037ad8ac method=java.security.MessageDigest$Delegate.engineUpdate([BII)V @ 7
Event: 28.209 Thread 0x0000000019614800 Uncommon trap: reason=bimorphic action=maybe_recompile pc=0x00000000037ad8ac method=java.security.MessageDigest$Delegate.engineUpdate([BII)V @ 7
Event: 28.649 Thread 0x0000000019614800 Uncommon trap: reason=unstable_if action=reinterpret pc=0x00000000038d26bc method=java.util.HashMap.putVal(ILjava/lang/Object;Ljava/lang/Object;ZZ)Ljava/lang/Object; @ 162
Event: 28.650 Thread 0x0000000019614800 Uncommon trap: reason=unstable_if action=reinterpret pc=0x000000000331abbc method=java.util.HashMap.resize()[Ljava/util/HashMap$Node; @ 206

Internal exceptions (10 events):
Event: 26.062 Thread 0x0000000019614800 Exception <a 'java/lang/ClassNotFoundException': groovy/lang/GroovyObjectBeanInfo> (0x00000000e1758e28) thrown at [C:\src\android\AOSP-openjdk\external\jetbrains\jdk\hotspot\src\share\vm\classfile\systemDictionary.cpp, line 210]
Event: 26.070 Thread 0x0000000019614800 Exception <a 'java/lang/ClassNotFoundException': groovy/lang/GroovyObjectCustomizer> (0x00000000e1777438) thrown at [C:\src\android\AOSP-openjdk\external\jetbrains\jdk\hotspot\src\share\vm\classfile\systemDictionary.cpp, line 210]
Event: 26.076 Thread 0x0000000019614800 Exception <a 'java/lang/ClassNotFoundException': org/gradle/api/ScriptBeanInfo> (0x00000000e17a4700) thrown at [C:\src\android\AOSP-openjdk\external\jetbrains\jdk\hotspot\src\share\vm\classfile\systemDictionary.cpp, line 210]
Event: 26.078 Thread 0x0000000019614800 Exception <a 'java/lang/ClassNotFoundException': org/gradle/api/ScriptCustomizer> (0x00000000e17c1ef0) thrown at [C:\src\android\AOSP-openjdk\external\jetbrains\jdk\hotspot\src\share\vm\classfile\systemDictionary.cpp, line 210]
Event: 26.087 Thread 0x0000000019614800 Exception <a 'java/lang/ClassNotFoundException': org/gradle/api/internal/file/FileOperationsBeanInfo> (0x00000000e180ab98) thrown at [C:\src\android\AOSP-openjdk\external\jetbrains\jdk\hotspot\src\share\vm\classfile\systemDictionary.cpp, line 210]
Event: 26.090 Thread 0x0000000019614800 Exception <a 'java/lang/ClassNotFoundException': org/gradle/api/internal/file/FileOperationsCustomizer> (0x00000000e1832e68) thrown at [C:\src\android\AOSP-openjdk\external\jetbrains\jdk\hotspot\src\share\vm\classfile\systemDictionary.cpp, line 210]
Event: 26.097 Thread 0x0000000019614800 Exception <a 'java/lang/ClassNotFoundException': org/gradle/api/internal/ProcessOperationsBeanInfo> (0x00000000e18763b8) thrown at [C:\src\android\AOSP-openjdk\external\jetbrains\jdk\hotspot\src\share\vm\classfile\systemDictionary.cpp, line 210]
Event: 26.100 Thread 0x0000000019614800 Exception <a 'java/lang/ClassNotFoundException': org/gradle/api/internal/ProcessOperationsCustomizer> (0x00000000e189dc08) thrown at [C:\src\android\AOSP-openjdk\external\jetbrains\jdk\hotspot\src\share\vm\classfile\systemDictionary.cpp, line 210]
Event: 27.369 Thread 0x0000000019614800 Exception <a 'java/lang/ClassNotFoundException': build_654rq7c8p49cuvm7jl78qchsbBeanInfo> (0x00000000e2936c28) thrown at [C:\src\android\AOSP-openjdk\external\jetbrains\jdk\hotspot\src\share\vm\classfile\systemDictionary.cpp, line 210]
Event: 27.370 Thread 0x0000000019614800 Exception <a 'java/lang/ClassNotFoundException': build_654rq7c8p49cuvm7jl78qchsbCustomizer> (0x00000000e2946e40) thrown at [C:\src\android\AOSP-openjdk\external\jetbrains\jdk\hotspot\src\share\vm\classfile\systemDictionary.cpp, line 210]

Events (10 events):
Event: 28.701 loading class org/apache/tools/ant/Executor
Event: 28.701 loading class org/apache/tools/ant/Executor done
Event: 28.712 loading class org/apache/tools/ant/RuntimeConfigurable
Event: 28.712 loading class org/apache/tools/ant/RuntimeConfigurable done
Event: 28.736 loading class org/gradle/api/component/SoftwareComponent
Event: 28.736 loading class org/gradle/api/component/SoftwareComponent done
Event: 28.744 loading class org/gradle/model/internal/manage/schema/ScalarCollectionSchema
Event: 28.744 loading class org/gradle/model/internal/manage/schema/ScalarCollectionSchema done
Event: 28.745 loading class org/gradle/model/internal/manage/schema/extract/JavaUtilCollectionStrategy$1
Event: 28.745 loading class org/gradle/model/internal/manage/schema/extract/JavaUtilCollectionStrategy$1 done


Dynamic libraries:
0x00007ff7d7c10000 - 0x00007ff7d7c41000 	C:\Program Files\Android\Android Studio\jre\bin\java.exe
0x00007fff08ad0000 - 0x00007fff08ca2000 	C:\windows\SYSTEM32\ntdll.dll
0x00007fff06a00000 - 0x00007fff06aac000 	C:\windows\System32\KERNEL32.DLL
0x00007fff05c00000 - 0x00007fff05e1d000 	C:\windows\System32\KERNELBASE.dll
0x00007fff08270000 - 0x00007fff08312000 	C:\windows\System32\ADVAPI32.dll
0x00007fff06960000 - 0x00007fff069fe000 	C:\windows\System32\msvcrt.dll
0x00007fff06900000 - 0x00007fff06959000 	C:\windows\System32\sechost.dll
0x00007fff08380000 - 0x00007fff084a1000 	C:\windows\System32\RPCRT4.dll
0x00007fff07fc0000 - 0x00007fff08125000 	C:\windows\System32\USER32.dll
0x00007fff04fd0000 - 0x00007fff04fee000 	C:\windows\System32\win32u.dll
0x00007fff068c0000 - 0x00007fff068f4000 	C:\windows\System32\GDI32.dll
0x00007fff05040000 - 0x00007fff051c0000 	C:\windows\System32\gdi32full.dll
0x00007ffef3a80000 - 0x00007ffef3cfa000 	C:\windows\WinSxS\amd64_microsoft.windows.common-controls_6595b64144ccf1df_6.0.14393.953_none_42151e83c686086b\COMCTL32.dll
0x00007fff08740000 - 0x00007fff08a08000 	C:\windows\System32\combase.dll
0x00007fff05a50000 - 0x00007fff05b45000 	C:\windows\System32\ucrtbase.dll
0x00007fff05ff0000 - 0x00007fff0605a000 	C:\windows\System32\bcryptPrimitives.dll
0x00007fff08330000 - 0x00007fff0835e000 	C:\windows\System32\IMM32.DLL
0x0000000069510000 - 0x00000000695e2000 	C:\Program Files\Android\Android Studio\jre\jre\bin\msvcr100.dll
0x000000006a3f0000 - 0x000000006ac2c000 	C:\Program Files\Android\Android Studio\jre\jre\bin\server\jvm.dll
0x00007fff08320000 - 0x00007fff08328000 	C:\windows\System32\PSAPI.DLL
0x00007ffefca80000 - 0x00007ffefca89000 	C:\windows\SYSTEM32\WSOCK32.dll
0x00007ffef4960000 - 0x00007ffef496a000 	C:\windows\SYSTEM32\VERSION.dll
0x00007fff033a0000 - 0x00007fff033c3000 	C:\windows\SYSTEM32\WINMM.dll
0x00007fff086c0000 - 0x00007fff0872a000 	C:\windows\System32\WS2_32.dll
0x00000000015f0000 - 0x000000000161b000 	C:\windows\SYSTEM32\WINMMBASE.dll
0x00007fff04ff0000 - 0x00007fff05032000 	C:\windows\System32\cfgmgr32.dll
0x00007ffefca70000 - 0x00007ffefca7f000 	C:\Program Files\Android\Android Studio\jre\jre\bin\verify.dll
0x00007ffefca40000 - 0x00007ffefca69000 	C:\Program Files\Android\Android Studio\jre\jre\bin\java.dll
0x00007ffefba30000 - 0x00007ffefba46000 	C:\Program Files\Android\Android Studio\jre\jre\bin\zip.dll
0x00007fff06ab0000 - 0x00007fff07fb8000 	C:\windows\System32\SHELL32.dll
0x00007fff05370000 - 0x00007fff05a4a000 	C:\windows\System32\windows.storage.dll
0x00007fff04f40000 - 0x00007fff04f8c000 	C:\windows\System32\powrprof.dll
0x00007fff06660000 - 0x00007fff066b2000 	C:\windows\System32\shlwapi.dll
0x00007fff04fc0000 - 0x00007fff04fcf000 	C:\windows\System32\kernel.appcore.dll
0x00007fff052c0000 - 0x00007fff05369000 	C:\windows\System32\shcore.dll
0x00007fff04f90000 - 0x00007fff04fa4000 	C:\windows\System32\profapi.dll
0x00007ffefafa0000 - 0x00007ffefafba000 	C:\Program Files\Android\Android Studio\jre\jre\bin\net.dll
0x00007fff04870000 - 0x00007fff048cc000 	C:\windows\system32\mswsock.dll
0x00007ffefaf80000 - 0x00007ffefaf91000 	C:\Program Files\Android\Android Studio\jre\jre\bin\nio.dll
0x00007ffef5bf0000 - 0x00007ffef5c0e000 	C:\Users\ssepa\.gradle\native\23\windows-amd64\native-platform.dll
0x00007fff04a10000 - 0x00007fff04a27000 	C:\windows\SYSTEM32\CRYPTSP.dll
0x00007fff04470000 - 0x00007fff044a3000 	C:\windows\system32\rsaenh.dll
0x00007fff04e80000 - 0x00007fff04eab000 	C:\windows\SYSTEM32\bcrypt.dll
0x00007fff046f0000 - 0x00007fff0470f000 	C:\windows\SYSTEM32\USERENV.dll
0x00007fff04a30000 - 0x00007fff04a3b000 	C:\windows\SYSTEM32\CRYPTBASE.dll
0x00007fff045f0000 - 0x00007fff04628000 	C:\windows\SYSTEM32\IPHLPAPI.DLL
0x00007fff086b0000 - 0x00007fff086b8000 	C:\windows\System32\NSI.dll
0x00007ffefe6e0000 - 0x00007ffefe6f6000 	C:\windows\SYSTEM32\dhcpcsvc6.DLL
0x00007ffefe6c0000 - 0x00007ffefe6da000 	C:\windows\SYSTEM32\dhcpcsvc.DLL
0x00007fff02fe0000 - 0x00007fff02fed000 	C:\Program Files\Android\Android Studio\jre\jre\bin\management.dll

VM Arguments:
jvm_args: -Xmx1536m -Dfile.encoding=windows-1252 -Duser.country=US -Duser.language=en -Duser.variant 
java_command: org.gradle.launcher.daemon.bootstrap.GradleDaemon 3.3
java_class_path (initial): C:\Users\ssepa\.gradle\wrapper\dists\gradle-3.3-all\55gk2rcmfc6p2dg9u9ohc3hw9\gradle-3.3\lib\gradle-launcher-3.3.jar
Launcher Type: SUN_STANDARD

Environment Variables:
PATH=C:\ProgramData\Oracle\Java\javapath;C:\windows\system32;C:\windows;C:\windows\System32\Wbem;C:\windows\System32\WindowsPowerShell\v1.0\;C:\Program Files\Microsoft SQL Server\130\Tools\Binn\;C:\Program Files (x86)\Microsoft SQL Server\Client SDK\ODBC\130\Tools\Binn\;C:\Program Files (x86)\Microsoft SQL Server\130\Tools\Binn\;C:\Program Files (x86)\Microsoft SQL Server\130\DTS\Binn\;C:\Program Files (x86)\Microsoft SQL Server\130\Tools\Binn\ManagementStudio\;C:\Program Files (x86)\Windows Kits\10\Windows Performance Toolkit\;C:\Program Files (x86)\GtkSharp\2.12\bin;C:\Program Files\dotnet\;C:\Users\ssepa\AppData\Local\Microsoft\WindowsApps;
USERNAME=ssepa
OS=Windows_NT
PROCESSOR_IDENTIFIER=Intel64 Family 6 Model 78 Stepping 3, GenuineIntel



---------------  S Y S T E M  ---------------

OS: Windows 10.0 , 64 bit Build 14393 (10.0.14393.1198)

CPU:total 4 (2 cores per cpu, 2 threads per core) family 6 model 78 stepping 3, cmov, cx8, fxsr, mmx, sse, sse2, sse3, ssse3, sse4.1, sse4.2, popcnt, avx, avx2, aes, clmul, erms, rtm, 3dnowpref, lzcnt, ht, tsc, tscinvbit, bmi1, bmi2, adx

Memory: 4k page, physical 8312940k(1028236k free), swap 10911280k(384k free)

vm_info: OpenJDK 64-Bit Server VM (25.112-b06) for windows-amd64 JRE (1.8.0_112-release-b06), built on Dec  8 2016 00:54:26 by "builder" with MS VC++ 10.0 (VS2010)

time: Tue Sep 19 18:13:33 2017
elapsed time: 28 seconds (0d 0h 0m 28s)

